<?xml version="1.0" encoding="UTF-8"?>
<testsuite name="Login And Service Test"
           tests="2"
           failures="0"
           errors="0"
           skipped="0"
           time="5.538">
  <properties />
  
  
            <testcase name="userShouldClickOnServiceLink" time="0.942" classname="uk.gov.harrow.TestSuite.LoginAndServiceTest" />
                <testcase name="userShouldClickOnLoginRegisterlink" time="4.596" classname="uk.gov.harrow.TestSuite.LoginAndServiceTest" />
      
</testsuite>
