<?xml version="1.0" encoding="UTF-8"?>
<testsuite name="Login And Service Test1"
           tests="2"
           failures="0"
           errors="0"
           skipped="0"
           time="9.837">
  <properties />
  
  
            <testcase name="userShouldClickOnLoginRegisterlink" time="4.670" classname="uk.gov.harrow.TestSuite.LoginAndServiceTest1" />
                <testcase name="userShouldClickOnServiceLink" time="5.167" classname="uk.gov.harrow.TestSuite.LoginAndServiceTest1" />
      
</testsuite>
